Arguments: 
  /usr/local/bin/node /usr/local/bin/yarn add babylon @babel/traverse @babel/generate

PATH: 
  /usr/local/bin:/usr/bin:/bin:/usr/sbin:/sbin

Yarn version: 
  1.13.0

Node version: 
  11.14.0

Platform: 
  darwin x64

Trace: 
  Error: https://registry.npm.taobao.org/@babel%2fgenerate: Not found
      at Request.params.callback [as _callback] (/usr/local/lib/node_modules/yarn/lib/cli.js:66255:18)
      at Request.self.callback (/usr/local/lib/node_modules/yarn/lib/cli.js:129397:22)
      at Request.emit (events.js:193:13)
      at Request.<anonymous> (/usr/local/lib/node_modules/yarn/lib/cli.js:130369:10)
      at Request.emit (events.js:193:13)
      at IncomingMessage.<anonymous> (/usr/local/lib/node_modules/yarn/lib/cli.js:130291:12)
      at Object.onceWrapper (events.js:281:20)
      at IncomingMessage.emit (events.js:198:15)
      at endReadableNT (_stream_readable.js:1139:12)
      at processTicksAndRejections (internal/process/task_queues.js:81:17)

npm manifest: 
  {
    "name": "webpack-pack",
    "version": "1.0.0",
    "main": "index.js",
    "license": "MIT",
    "bin": {
      "zf-p": "./bin/www.js"
    }
  }

yarn manifest: 
  No manifest

Lockfile: 
  No lockfile
